<?xml version="1.0" encoding="UTF-8"?>
<testsuite name="BlockchainTest" tests="1" skipped="0" failures="0" errors="0" timestamp="2021-09-08T00:02:43" hostname="PCCZARKA" time="20.384">
  <properties/>
  <testcase name="start" classname="BlockchainTest" time="20.384"/>
  <system-out><![CDATA[?[1;31m
Start test 1?[0m

Block:
Created by miner # 19
Id: 1
Timestamp: 1631059363958
Magic number: 554465508
Hash of the previous block: 
0
Hash of the block: 
81f190fe22f97ed85cf02d2718d9c823654caa3da3a483f80317441f9fe77bc7
Block data: 
Block was generating for 0 seconds
N was increased to 1

Block:
Created by miner # 19
Id: 2
Timestamp: 1631059363990
Magic number: 800221971
Hash of the previous block: 
81f190fe22f97ed85cf02d2718d9c823654caa3da3a483f80317441f9fe77bc7
Hash of the block: 
08068d1ee7e915d438e05db7dc5be478d2d0d393cbabc019b4383e66a446cc96
Block data: 
Block was generating for 0 seconds
N was increased to 2

Block:
Created by miner # 19
Id: 3
Timestamp: 1631059364048
Magic number: -1937012763
Hash of the previous block: 
08068d1ee7e915d438e05db7dc5be478d2d0d393cbabc019b4383e66a446cc96
Hash of the block: 
003fa11aab9ec1f76c431dcd96da940e343c6a11b6b5ffeca6fb0e6b0a86ae87
Block data: 
Block was generating for 0 seconds
N was increased to 3

Block:
Created by miner # 18
Id: 4
Timestamp: 1631059364084
Magic number: -1246120393
Hash of the previous block: 
003fa11aab9ec1f76c431dcd96da940e343c6a11b6b5ffeca6fb0e6b0a86ae87
Hash of the block: 
0007b9da8d86553ae987085443208ff76b63de2eff23f2ecd9d7c1124d960879
Block data: 
Block was generating for 0 seconds
N was increased to 4

Block:
Created by miner # 21
Id: 5
Timestamp: 1631059364250
Magic number: -946500307
Hash of the previous block: 
0007b9da8d86553ae987085443208ff76b63de2eff23f2ecd9d7c1124d960879
Hash of the block: 
000078af410f4991f3e887644ac8e0dc3f810b4d9e4678ab5ce0d47c28b7d497
Block data: 
Block was generating for 0 seconds
N was increased to 5
?[1;31m
Start test 2?[0m

Block:
Created by miner # 26
Id: 1
Timestamp: 1631059374052
Magic number: 698811117
Hash of the previous block: 
0
Hash of the block: 
595b73bb6f4a99cce6679cb2dabc1847a4a90285f2ce0d380463032147274e43
Block data: 
Block was generating for 0 seconds
N was increased to 1

Block:
Created by miner # 26
Id: 2
Timestamp: 1631059374062
Magic number: 101221628
Hash of the previous block: 
595b73bb6f4a99cce6679cb2dabc1847a4a90285f2ce0d380463032147274e43
Hash of the block: 
04e20098450bdc72a410927d956f4474c5cfc22ce5a44fb6352653e1c37bfcf0
Block data: 
Block was generating for 0 seconds
N was increased to 2

Block:
Created by miner # 26
Id: 3
Timestamp: 1631059374090
Magic number: -425584861
Hash of the previous block: 
04e20098450bdc72a410927d956f4474c5cfc22ce5a44fb6352653e1c37bfcf0
Hash of the block: 
00f2ac9fc24d051be5d79528954c31d310b60de59c710ad240f9f690e0231960
Block data: 
Block was generating for 0 seconds
N was increased to 3

Block:
Created by miner # 25
Id: 4
Timestamp: 1631059374162
Magic number: 795864008
Hash of the previous block: 
00f2ac9fc24d051be5d79528954c31d310b60de59c710ad240f9f690e0231960
Hash of the block: 
00094a41572b6354b2e24a637d123bb05ccc81bf5db7d5e69fce951f9ffb5f74
Block data: 
Block was generating for 0 seconds
N was increased to 4

Block:
Created by miner # 25
Id: 5
Timestamp: 1631059374317
Magic number: 308051706
Hash of the previous block: 
00094a41572b6354b2e24a637d123bb05ccc81bf5db7d5e69fce951f9ffb5f74
Hash of the block: 
00006d42723c890eb010bd97f779bc4b10d0676a0f0a9ca743d46c4fa1ce4257
Block data: 
Block was generating for 0 seconds
N was increased to 5
]]></system-out>
  <system-err><![CDATA[]]></system-err>
</testsuite>
