<?xml version="1.0" encoding="UTF-8"?>
<testsuite name="BlockchainTest" tests="1" skipped="0" failures="1" errors="0" timestamp="2021-09-08T15:57:26" hostname="PCCZARKA" time="15.064">
  <properties/>
  <testcase name="start" classname="BlockchainTest" time="15.064">
    <failure message="java.lang.AssertionError: Error in test #1&#10;&#10;In this test, the program is running for a long time, more than 15 seconds. Most likely, the program has gone into an infinite loop.&#10;&#10;Please find below the output of your program during this failed test.&#10;&#10;---&#10;&#10;Block:&#10;Created by: miner1&#10;miner1 gets 100 VC&#10;Id: 1&#10;Timestamp: 1631116646265&#10;Magic number: 666235190&#10;Hash of the previous block: &#10;0&#10;Hash of the block: &#10;73bb495107a31f372558fb797b7e80904f4673d6d788a8d20e782f1c1041ba3b&#10;Block data: no transactions&#10;Block was generating for 0 seconds&#10;N was increased to 1&#10;&#10;Block:&#10;Created by: miner2&#10;miner2 gets 100 VC&#10;Id: 2&#10;Timestamp: 1631116646832&#10;Magic number: -346737746&#10;Hash of the previous block: &#10;73bb495107a31f372558fb797b7e80904f4673d6d788a8d20e782f1c1041ba3b&#10;Hash of the block: &#10;04c86a7616db09bd35abe15a124f8c3f89e5dbd04cd3da6d3ae6f9808380be9c&#10;Block data: &#10;John sent 29 VC to Garfield&#10;Block was generating for 0 seconds&#10;N was increased to 2&#10;&#10;Block:&#10;Created by: miner0&#10;miner0 gets 100 VC&#10;Id: 3&#10;Timestamp: 1631116646945&#10;Magic number: -1864545044&#10;Hash of the previous block: &#10;04c86a7616db09bd35abe15a124f8c3f89e5dbd04cd3da6d3ae6f9808380be9c&#10;Hash of the block: &#10;00d88ba98e8412ab9e84a9df2dca048d7e83cae26898e413c30dcfa98306e127&#10;Block data: &#10;John sent 60 VC to Garfield&#10;Block was generating for 0 seconds&#10;N was increased to 3&#10;&#10;Block:&#10;Created by: miner1&#10;miner1 gets 100 VC&#10;Id: 4&#10;Timestamp: 1631116647005&#10;Magic number: -214251279&#10;Hash of the previous block: &#10;00d88ba98e8412ab9e84a9df2dca048d7e83cae26898e413c30dcfa98306e127&#10;Hash of the block: &#10;000d49af56575037e55125ca4ca6e7623f00991e3e32bf5ec34b7860bbacac76&#10;Block data: &#10;Jordan sent 72 VC to Garfield&#10;Block was generating for 0 seconds&#10;N was increased to 4&#10;&#10;Block:&#10;Created by: miner3&#10;miner3 gets 100 VC&#10;Id: 5&#10;Timestamp: 1631116647169&#10;Magic number: -168339444&#10;Hash of the previous block: &#10;000d49af56575037e55125ca4ca6e7623f00991e3e32bf5ec34b7860bbacac76&#10;Hash of the block: &#10;0000da297295c0982a91a02f211e525e9a62ef964f583ec76a1f326987e9ccda&#10;Block data: &#10;Jordan sent 86 VC to John&#10;Block was generating for 0 seconds&#10;N was increased to 5&#10;&#10;Block:&#10;Created by: miner2&#10;miner2 gets 100 VC&#10;Id: 6&#10;Timestamp: 1631116647363&#10;Magic number: -438113039&#10;Hash of the previous block: &#10;0000da297295c0982a91a02f211e525e9a62ef964f583ec76a1f326987e9ccda&#10;Hash of the block: &#10;000003d36440930cbbfcfe6ae1b45776bdd76eecb36908f36de4928a5b5adb67&#10;Block data: &#10;John sent 48 VC to Garfield&#10;John sent 62 VC to Jordan&#10;Block was generating for 0 seconds&#10;N was increased to 6" type="java.lang.AssertionError">java.lang.AssertionError: Error in test #1

In this test, the program is running for a long time, more than 15 seconds. Most likely, the program has gone into an infinite loop.

Please find below the output of your program during this failed test.

---

Block:
Created by: miner1
miner1 gets 100 VC
Id: 1
Timestamp: 1631116646265
Magic number: 666235190
Hash of the previous block: 
0
Hash of the block: 
73bb495107a31f372558fb797b7e80904f4673d6d788a8d20e782f1c1041ba3b
Block data: no transactions
Block was generating for 0 seconds
N was increased to 1

Block:
Created by: miner2
miner2 gets 100 VC
Id: 2
Timestamp: 1631116646832
Magic number: -346737746
Hash of the previous block: 
73bb495107a31f372558fb797b7e80904f4673d6d788a8d20e782f1c1041ba3b
Hash of the block: 
04c86a7616db09bd35abe15a124f8c3f89e5dbd04cd3da6d3ae6f9808380be9c
Block data: 
John sent 29 VC to Garfield
Block was generating for 0 seconds
N was increased to 2

Block:
Created by: miner0
miner0 gets 100 VC
Id: 3
Timestamp: 1631116646945
Magic number: -1864545044
Hash of the previous block: 
04c86a7616db09bd35abe15a124f8c3f89e5dbd04cd3da6d3ae6f9808380be9c
Hash of the block: 
00d88ba98e8412ab9e84a9df2dca048d7e83cae26898e413c30dcfa98306e127
Block data: 
John sent 60 VC to Garfield
Block was generating for 0 seconds
N was increased to 3

Block:
Created by: miner1
miner1 gets 100 VC
Id: 4
Timestamp: 1631116647005
Magic number: -214251279
Hash of the previous block: 
00d88ba98e8412ab9e84a9df2dca048d7e83cae26898e413c30dcfa98306e127
Hash of the block: 
000d49af56575037e55125ca4ca6e7623f00991e3e32bf5ec34b7860bbacac76
Block data: 
Jordan sent 72 VC to Garfield
Block was generating for 0 seconds
N was increased to 4

Block:
Created by: miner3
miner3 gets 100 VC
Id: 5
Timestamp: 1631116647169
Magic number: -168339444
Hash of the previous block: 
000d49af56575037e55125ca4ca6e7623f00991e3e32bf5ec34b7860bbacac76
Hash of the block: 
0000da297295c0982a91a02f211e525e9a62ef964f583ec76a1f326987e9ccda
Block data: 
Jordan sent 86 VC to John
Block was generating for 0 seconds
N was increased to 5

Block:
Created by: miner2
miner2 gets 100 VC
Id: 6
Timestamp: 1631116647363
Magic number: -438113039
Hash of the previous block: 
0000da297295c0982a91a02f211e525e9a62ef964f583ec76a1f326987e9ccda
Hash of the block: 
000003d36440930cbbfcfe6ae1b45776bdd76eecb36908f36de4928a5b5adb67
Block data: 
John sent 48 VC to Garfield
John sent 62 VC to Jordan
Block was generating for 0 seconds
N was increased to 6
	at org.junit.Assert.fail(Assert.java:88)
	at org.hyperskill.hstest.stage.StageTest.start(StageTest.java:155)
	at java.base/jdk.internal.reflect.NativeMethodAccessorImpl.invoke0(Native Method)
	at java.base/jdk.internal.reflect.NativeMethodAccessorImpl.invoke(NativeMethodAccessorImpl.java:62)
	at java.base/jdk.internal.reflect.DelegatingMethodAccessorImpl.invoke(DelegatingMethodAccessorImpl.java:43)
	at java.base/java.lang.reflect.Method.invoke(Method.java:566)
	at org.junit.runners.model.FrameworkMethod$1.runReflectiveCall(FrameworkMethod.java:50)
	at org.junit.internal.runners.model.ReflectiveCallable.run(ReflectiveCallable.java:12)
	at org.junit.runners.model.FrameworkMethod.invokeExplosively(FrameworkMethod.java:47)
	at org.junit.internal.runners.statements.InvokeMethod.evaluate(InvokeMethod.java:17)
	at org.junit.runners.ParentRunner.runLeaf(ParentRunner.java:325)
	at org.junit.runners.BlockJUnit4ClassRunner.runChild(BlockJUnit4ClassRunner.java:78)
	at org.junit.runners.BlockJUnit4ClassRunner.runChild(BlockJUnit4ClassRunner.java:57)
	at org.junit.runners.ParentRunner$3.run(ParentRunner.java:290)
	at org.junit.runners.ParentRunner$1.schedule(ParentRunner.java:71)
	at org.junit.runners.ParentRunner.runChildren(ParentRunner.java:288)
	at org.junit.runners.ParentRunner.access$000(ParentRunner.java:58)
	at org.junit.runners.ParentRunner$2.evaluate(ParentRunner.java:268)
	at org.junit.runners.ParentRunner.run(ParentRunner.java:363)
	at org.gradle.api.internal.tasks.testing.junit.JUnitTestClassExecutor.runTestClass(JUnitTestClassExecutor.java:110)
	at org.gradle.api.internal.tasks.testing.junit.JUnitTestClassExecutor.execute(JUnitTestClassExecutor.java:58)
	at org.gradle.api.internal.tasks.testing.junit.JUnitTestClassExecutor.execute(JUnitTestClassExecutor.java:38)
	at org.gradle.api.internal.tasks.testing.junit.AbstractJUnitTestClassProcessor.processTestClass(AbstractJUnitTestClassProcessor.java:62)
	at org.gradle.api.internal.tasks.testing.SuiteTestClassProcessor.processTestClass(SuiteTestClassProcessor.java:51)
	at java.base/jdk.internal.reflect.NativeMethodAccessorImpl.invoke0(Native Method)
	at java.base/jdk.internal.reflect.NativeMethodAccessorImpl.invoke(NativeMethodAccessorImpl.java:62)
	at java.base/jdk.internal.reflect.DelegatingMethodAccessorImpl.invoke(DelegatingMethodAccessorImpl.java:43)
	at java.base/java.lang.reflect.Method.invoke(Method.java:566)
	at org.gradle.internal.dispatch.ReflectionDispatch.dispatch(ReflectionDispatch.java:36)
	at org.gradle.internal.dispatch.ReflectionDispatch.dispatch(ReflectionDispatch.java:24)
	at org.gradle.internal.dispatch.ContextClassLoaderDispatch.dispatch(ContextClassLoaderDispatch.java:33)
	at org.gradle.internal.dispatch.ProxyDispatchAdapter$DispatchingInvocationHandler.invoke(ProxyDispatchAdapter.java:94)
	at com.sun.proxy.$Proxy2.processTestClass(Unknown Source)
	at org.gradle.api.internal.tasks.testing.worker.TestWorker.processTestClass(TestWorker.java:121)
	at java.base/jdk.internal.reflect.NativeMethodAccessorImpl.invoke0(Native Method)
	at java.base/jdk.internal.reflect.NativeMethodAccessorImpl.invoke(NativeMethodAccessorImpl.java:62)
	at java.base/jdk.internal.reflect.DelegatingMethodAccessorImpl.invoke(DelegatingMethodAccessorImpl.java:43)
	at java.base/java.lang.reflect.Method.invoke(Method.java:566)
	at org.gradle.internal.dispatch.ReflectionDispatch.dispatch(ReflectionDispatch.java:36)
	at org.gradle.internal.dispatch.ReflectionDispatch.dispatch(ReflectionDispatch.java:24)
	at org.gradle.internal.remote.internal.hub.MessageHubBackedObjectConnection$DispatchWrapper.dispatch(MessageHubBackedObjectConnection.java:182)
	at org.gradle.internal.remote.internal.hub.MessageHubBackedObjectConnection$DispatchWrapper.dispatch(MessageHubBackedObjectConnection.java:164)
	at org.gradle.internal.remote.internal.hub.MessageHub$Handler.run(MessageHub.java:414)
	at org.gradle.internal.concurrent.ExecutorPolicy$CatchAndRecordFailures.onExecute(ExecutorPolicy.java:64)
	at org.gradle.internal.concurrent.ManagedExecutorImpl$1.run(ManagedExecutorImpl.java:48)
	at java.base/java.util.concurrent.ThreadPoolExecutor.runWorker(ThreadPoolExecutor.java:1128)
	at java.base/java.util.concurrent.ThreadPoolExecutor$Worker.run(ThreadPoolExecutor.java:628)
	at org.gradle.internal.concurrent.ThreadFactoryImpl$ManagedThreadRunnable.run(ThreadFactoryImpl.java:56)
	at java.base/java.lang.Thread.run(Thread.java:829)
</failure>
  </testcase>
  <system-out><![CDATA[?[1;31m
Start test 1?[0m

Block:
Created by: miner1
miner1 gets 100 VC
Id: 1
Timestamp: 1631116646265
Magic number: 666235190
Hash of the previous block: 
0
Hash of the block: 
73bb495107a31f372558fb797b7e80904f4673d6d788a8d20e782f1c1041ba3b
Block data: no transactions
Block was generating for 0 seconds
N was increased to 1

Block:
Created by: miner2
miner2 gets 100 VC
Id: 2
Timestamp: 1631116646832
Magic number: -346737746
Hash of the previous block: 
73bb495107a31f372558fb797b7e80904f4673d6d788a8d20e782f1c1041ba3b
Hash of the block: 
04c86a7616db09bd35abe15a124f8c3f89e5dbd04cd3da6d3ae6f9808380be9c
Block data: 
John sent 29 VC to Garfield
Block was generating for 0 seconds
N was increased to 2

Block:
Created by: miner0
miner0 gets 100 VC
Id: 3
Timestamp: 1631116646945
Magic number: -1864545044
Hash of the previous block: 
04c86a7616db09bd35abe15a124f8c3f89e5dbd04cd3da6d3ae6f9808380be9c
Hash of the block: 
00d88ba98e8412ab9e84a9df2dca048d7e83cae26898e413c30dcfa98306e127
Block data: 
John sent 60 VC to Garfield
Block was generating for 0 seconds
N was increased to 3

Block:
Created by: miner1
miner1 gets 100 VC
Id: 4
Timestamp: 1631116647005
Magic number: -214251279
Hash of the previous block: 
00d88ba98e8412ab9e84a9df2dca048d7e83cae26898e413c30dcfa98306e127
Hash of the block: 
000d49af56575037e55125ca4ca6e7623f00991e3e32bf5ec34b7860bbacac76
Block data: 
Jordan sent 72 VC to Garfield
Block was generating for 0 seconds
N was increased to 4

Block:
Created by: miner3
miner3 gets 100 VC
Id: 5
Timestamp: 1631116647169
Magic number: -168339444
Hash of the previous block: 
000d49af56575037e55125ca4ca6e7623f00991e3e32bf5ec34b7860bbacac76
Hash of the block: 
0000da297295c0982a91a02f211e525e9a62ef964f583ec76a1f326987e9ccda
Block data: 
Jordan sent 86 VC to John
Block was generating for 0 seconds
N was increased to 5

Block:
Created by: miner2
miner2 gets 100 VC
Id: 6
Timestamp: 1631116647363
Magic number: -438113039
Hash of the previous block: 
0000da297295c0982a91a02f211e525e9a62ef964f583ec76a1f326987e9ccda
Hash of the block: 
000003d36440930cbbfcfe6ae1b45776bdd76eecb36908f36de4928a5b5adb67
Block data: 
John sent 48 VC to Garfield
John sent 62 VC to Jordan
Block was generating for 0 seconds
N was increased to 6
]]></system-out>
  <system-err><![CDATA[]]></system-err>
</testsuite>
