<?xml version="1.0" encoding="UTF-8"?>
<testsuite name="BlockchainTest" tests="1" skipped="0" failures="0" errors="0" timestamp="2021-09-05T14:32:21" hostname="PCCZARKA" time="20.123">
  <properties/>
  <testcase name="start" classname="BlockchainTest" time="20.123"/>
  <system-out><![CDATA[?[1;31m
Start test 1?[0m

Block:
Created by miner # 18
Id: 1
Timestamp: 1630852341406
Magic number: -1042144647
Hash of the previous block: 
0
Hash of the block: 
e70ca7206b918da32fed1a8ae716f90109187dae332898d59ec15101b23d8210
Block data: no messages
Block was generating for 0 seconds
N was increased to 1

Block:
Created by miner # 20
Id: 2
Timestamp: 1630852341451
Magic number: -523785384
Hash of the previous block: 
e70ca7206b918da32fed1a8ae716f90109187dae332898d59ec15101b23d8210
Hash of the block: 
08224ce0ad98dd321f6044f21a5099e75ae8fb9054afd131d473f6f30044eace
Block data: no messages
Block was generating for 0 seconds
N was increased to 2

Block:
Created by miner # 18
Id: 3
Timestamp: 1630852341513
Magic number: 943527299
Hash of the previous block: 
08224ce0ad98dd321f6044f21a5099e75ae8fb9054afd131d473f6f30044eace
Hash of the block: 
008d05fbdb1681ba85dc1bdfc14e443f5c994fd8f5345f4889914471505b9bac
Block data: no messages
Block was generating for 0 seconds
N was increased to 3

Block:
Created by miner # 21
Id: 4
Timestamp: 1630852341554
Magic number: 1157129490
Hash of the previous block: 
008d05fbdb1681ba85dc1bdfc14e443f5c994fd8f5345f4889914471505b9bac
Hash of the block: 
000e84b22e96244ef458d5ac839bdec7bf8c926f9edf873f92cd2a922fc7746b
Block data: no messages
Block was generating for 0 seconds
N was increased to 4

Block:
Created by miner # 20
Id: 5
Timestamp: 1630852341629
Magic number: -810031840
Hash of the previous block: 
000e84b22e96244ef458d5ac839bdec7bf8c926f9edf873f92cd2a922fc7746b
Hash of the block: 
00003619812bef42e9ea042ffad6967cfbaf341fee477aca381b02342cadd44c
Block data: no messages
Block was generating for 0 seconds
N was increased to 5
?[1;31m
Start test 2?[0m

Block:
Created by miner # 24
Id: 1
Timestamp: 1630852351424
Magic number: -240750837
Hash of the previous block: 
0
Hash of the block: 
269c308fd5cd9635f71217763a3f8323ef85a46aa6c879ed61511f9614e54ee4
Block data: no messages
Block was generating for 0 seconds
N was increased to 1

Block:
Created by miner # 25
Id: 2
Timestamp: 1630852351428
Magic number: 30569746
Hash of the previous block: 
269c308fd5cd9635f71217763a3f8323ef85a46aa6c879ed61511f9614e54ee4
Hash of the block: 
078b260bb1b29ff1963d2a5ccb31974f571c628bf364ce5abd3eabdaeeb7e7f5
Block data: no messages
Block was generating for 0 seconds
N was increased to 2

Block:
Created by miner # 27
Id: 3
Timestamp: 1630852351440
Magic number: -1300410922
Hash of the previous block: 
078b260bb1b29ff1963d2a5ccb31974f571c628bf364ce5abd3eabdaeeb7e7f5
Hash of the block: 
0047cc8aa3668973cb25880b62bb5618a367ae644a6dd9daa55365c949601f95
Block data: no messages
Block was generating for 0 seconds
N was increased to 3

Block:
Created by miner # 26
Id: 4
Timestamp: 1630852351454
Magic number: 1566734002
Hash of the previous block: 
0047cc8aa3668973cb25880b62bb5618a367ae644a6dd9daa55365c949601f95
Hash of the block: 
0004ee0f863a5dd8d684b3dcbfdccb28339d462940dc677b34202d041d0d9281
Block data: no messages
Block was generating for 0 seconds
N was increased to 4

Block:
Created by miner # 25
Id: 5
Timestamp: 1630852351476
Magic number: 537483463
Hash of the previous block: 
0004ee0f863a5dd8d684b3dcbfdccb28339d462940dc677b34202d041d0d9281
Hash of the block: 
000088750f25604b25626961a0ec4f41141c0ea840a222e4300a0cffcfb00dae
Block data: no messages
Block was generating for 0 seconds
N was increased to 5
]]></system-out>
  <system-err><![CDATA[]]></system-err>
</testsuite>
